<?xml version="1.0" encoding="UTF-8"?>
<!-- Generated by org.testng.reporters.JUnitReportReporter -->
<testsuite skipped="0" hostname="STCBLR01LTP72" name="scripts.AddPersonTest" tests="1" failures="0" timestamp="10 Sep 2018 18:01:33 GMT" time="69.379" errors="0">
  <testcase name="addPersonTest" time="69.379" classname="scripts.AddPersonTest"/>
</testsuite> <!-- scripts.AddPersonTest -->
