<?xml version="1.0" encoding="UTF-8"?>
<!-- Generated by org.testng.reporters.JUnitReportReporter -->
<testsuite skipped="0" hostname="STCBLR01LTP72" name="scripts.LoginPageTest" tests="1" failures="0" timestamp="10 Sep 2018 18:20:11 GMT" time="27.748" errors="0">
  <testcase name="LoginTest" time="27.748" classname="scripts.LoginPageTest"/>
</testsuite> <!-- scripts.LoginPageTest -->
