<?xml version="1.0" encoding="UTF-8"?>
<!-- Generated by org.testng.reporters.JUnitReportReporter -->
<testsuite skipped="0" hostname="STCBLR01LTP72" name="scripts.LoginPageTest" tests="1" failures="0" timestamp="12 Sep 2018 10:44:22 GMT" time="30.849" errors="0">
  <testcase name="LoginTest" time="30.849" classname="scripts.LoginPageTest"/>
</testsuite> <!-- scripts.LoginPageTest -->
